Build started 10/10/2016 10:42:12.
     1>Project "C:\Users\Jonathon\Desktop\Uni P14141535\Year Two\IMAT2605 - Object Oriented Design and Decelopment with C++\2D Car Game\2D Car Game\2D Car Game.vcxproj" on node 2 (Build target(s)).
     1>ClCompile:
         C:\Program Files (x86)\Microsoft Visual Studio 12.0\VC\bin\CL.exe /c /ZI /nologo /W3 /WX- /sdl /Od /Oy- /D _MBCS /Gm /EHsc /RTC1 /MDd /GS /fp:precise /Zc:wchar_t /Zc:forScope /Fo"Debug\\" /Fd"Debug\vc120.pdb" /Gd /TP /analyze- /errorReport:prompt src\Game.cpp src\HUD.cpp src\Main.cpp src\Menu.cpp src\MenuButton.cpp src\PlayerCar.cpp src\TextureLoader.cpp src\Tyre.cpp src\Vector.cpp
         Vector.cpp
     1>c:\users\jonathon\desktop\uni p14141535\year two\imat2605 - object oriented design and decelopment with c++\2d car game\2d car game\src\vector.cpp(52): warning C4244: '=' : conversion from 'int' to 'float', possible loss of data
     1>c:\users\jonathon\desktop\uni p14141535\year two\imat2605 - object oriented design and decelopment with c++\2d car game\2d car game\src\vector.cpp(60): warning C4244: '=' : conversion from 'int' to 'float', possible loss of data
     1>c:\users\jonathon\desktop\uni p14141535\year two\imat2605 - object oriented design and decelopment with c++\2d car game\2d car game\src\vector.cpp(74): warning C4244: 'return' : conversion from 'double' to 'float', possible loss of data
     1>c:\users\jonathon\desktop\uni p14141535\year two\imat2605 - object oriented design and decelopment with c++\2d car game\2d car game\src\vector.cpp(110): warning C4244: 'return' : conversion from 'const float' to 'int', possible loss of data
     1>c:\users\jonathon\desktop\uni p14141535\year two\imat2605 - object oriented design and decelopment with c++\2d car game\2d car game\src\vector.cpp(178): warning C4244: 'argument' : conversion from 'float' to 'int', possible loss of data
     1>c:\users\jonathon\desktop\uni p14141535\year two\imat2605 - object oriented design and decelopment with c++\2d car game\2d car game\src\vector.cpp(187): warning C4244: '=' : conversion from 'double' to 'float', possible loss of data
     1>c:\users\jonathon\desktop\uni p14141535\year two\imat2605 - object oriented design and decelopment with c++\2d car game\2d car game\src\vector.cpp(192): warning C4244: 'argument' : conversion from 'float' to 'int', possible loss of data
     1>c:\users\jonathon\desktop\uni p14141535\year two\imat2605 - object oriented design and decelopment with c++\2d car game\2d car game\src\vector.cpp(203): warning C4244: 'argument' : conversion from 'float' to 'int', possible loss of data
         Tyre.cpp
         TextureLoader.cpp
     1>c:\users\jonathon\desktop\uni p14141535\year two\imat2605 - object oriented design and decelopment with c++\2d car game\2d car game\src\textureloader.cpp(12): warning C4018: '<' : signed/unsigned mismatch
         PlayerCar.cpp
     1>c:\users\jonathon\desktop\uni p14141535\year two\imat2605 - object oriented design and decelopment with c++\2d car game\2d car game\src\playercar.cpp(19): warning C4018: '<' : signed/unsigned mismatch
     1>c:\users\jonathon\desktop\uni p14141535\year two\imat2605 - object oriented design and decelopment with c++\2d car game\2d car game\src\playercar.cpp(61): warning C4018: '<' : signed/unsigned mismatch
     1>c:\users\jonathon\desktop\uni p14141535\year two\imat2605 - object oriented design and decelopment with c++\2d car game\2d car game\src\playercar.cpp(84): warning C4244: '=' : conversion from 'const int' to 'float', possible loss of data
     1>c:\users\jonathon\desktop\uni p14141535\year two\imat2605 - object oriented design and decelopment with c++\2d car game\2d car game\src\playercar.cpp(90): warning C4244: '=' : conversion from 'const int' to 'float', possible loss of data
     1>c:\users\jonathon\desktop\uni p14141535\year two\imat2605 - object oriented design and decelopment with c++\2d car game\2d car game\src\playercar.cpp(96): warning C4305: 'initializing' : truncation from 'double' to 'const float'
     1>c:\users\jonathon\desktop\uni p14141535\year two\imat2605 - object oriented design and decelopment with c++\2d car game\2d car game\src\playercar.cpp(104): warning C4244: 'initializing' : conversion from 'double' to 'float', possible loss of data
     1>c:\users\jonathon\desktop\uni p14141535\year two\imat2605 - object oriented design and decelopment with c++\2d car game\2d car game\src\playercar.cpp(159): warning C4244: 'argument' : conversion from 'double' to 'float', possible loss of data
     1>c:\users\jonathon\desktop\uni p14141535\year two\imat2605 - object oriented design and decelopment with c++\2d car game\2d car game\src\playercar.cpp(165): warning C4244: 'argument' : conversion from 'double' to 'float', possible loss of data
     1>c:\users\jonathon\desktop\uni p14141535\year two\imat2605 - object oriented design and decelopment with c++\2d car game\2d car game\src\playercar.cpp(167): warning C4244: 'argument' : conversion from 'double' to 'float', possible loss of data
     1>c:\users\jonathon\desktop\uni p14141535\year two\imat2605 - object oriented design and decelopment with c++\2d car game\2d car game\src\playercar.cpp(181): warning C4018: '<' : signed/unsigned mismatch
         MenuButton.cpp
     1>c:\users\jonathon\desktop\uni p14141535\year two\imat2605 - object oriented design and decelopment with c++\2d car game\2d car game\src\menubutton.cpp(13): warning C4244: 'argument' : conversion from 'const float' to 'unsigned int', possible loss of data
     1>c:\users\jonathon\desktop\uni p14141535\year two\imat2605 - object oriented design and decelopment with c++\2d car game\2d car game\src\menubutton.cpp(20): warning C4244: 'argument' : conversion from 'const float' to 'unsigned int', possible loss of data
         Menu.cpp
     1>c:\users\jonathon\desktop\uni p14141535\year two\imat2605 - object oriented design and decelopment with c++\2d car game\2d car game\src\menu.cpp(16): warning C4018: '<' : signed/unsigned mismatch
     1>c:\users\jonathon\desktop\uni p14141535\year two\imat2605 - object oriented design and decelopment with c++\2d car game\2d car game\src\menu.cpp(96): warning C4018: '>=' : signed/unsigned mismatch
     1>c:\users\jonathon\desktop\uni p14141535\year two\imat2605 - object oriented design and decelopment with c++\2d car game\2d car game\src\menu.cpp(163): warning C4018: '<' : signed/unsigned mismatch
     1>c:\users\jonathon\desktop\uni p14141535\year two\imat2605 - object oriented design and decelopment with c++\2d car game\2d car game\src\menu.cpp(183): warning C4018: '<' : signed/unsigned mismatch
     1>c:\users\jonathon\desktop\uni p14141535\year two\imat2605 - object oriented design and decelopment with c++\2d car game\2d car game\src\menu.cpp(192): warning C4018: '<' : signed/unsigned mismatch
     1>c:\users\jonathon\desktop\uni p14141535\year two\imat2605 - object oriented design and decelopment with c++\2d car game\2d car game\src\menu.cpp(247): warning C4018: '<' : signed/unsigned mismatch
     1>c:\users\jonathon\desktop\uni p14141535\year two\imat2605 - object oriented design and decelopment with c++\2d car game\2d car game\src\menu.cpp(251): warning C4244: 'argument' : conversion from 'int' to 'const float', possible loss of data
         Main.cpp
         HUD.cpp
     1>c:\users\jonathon\desktop\uni p14141535\year two\imat2605 - object oriented design and decelopment with c++\2d car game\2d car game\src\hud.cpp(9): warning C4018: '<' : signed/unsigned mismatch
     1>c:\users\jonathon\desktop\uni p14141535\year two\imat2605 - object oriented design and decelopment with c++\2d car game\2d car game\src\hud.cpp(35): warning C4305: 'argument' : truncation from 'double' to 'float'
     1>c:\users\jonathon\desktop\uni p14141535\year two\imat2605 - object oriented design and decelopment with c++\2d car game\2d car game\src\hud.cpp(42): warning C4018: '<' : signed/unsigned mismatch
         Game.cpp
     1>c:\users\jonathon\desktop\uni p14141535\year two\imat2605 - object oriented design and decelopment with c++\2d car game\2d car game\src\game.cpp(41): warning C4244: 'argument' : conversion from 'int' to 'float', possible loss of data
     1>c:\users\jonathon\desktop\uni p14141535\year two\imat2605 - object oriented design and decelopment with c++\2d car game\2d car game\src\game.cpp(56): warning C4244: 'argument' : conversion from 'int' to 'float', possible loss of data
     1>c:\users\jonathon\desktop\uni p14141535\year two\imat2605 - object oriented design and decelopment with c++\2d car game\2d car game\src\game.cpp(71): warning C4244: 'argument' : conversion from 'int' to 'float', possible loss of data
     1>c:\users\jonathon\desktop\uni p14141535\year two\imat2605 - object oriented design and decelopment with c++\2d car game\2d car game\src\game.cpp(91): warning C4244: 'argument' : conversion from 'float' to 'int', possible loss of data
     1>c:\users\jonathon\desktop\uni p14141535\year two\imat2605 - object oriented design and decelopment with c++\2d car game\2d car game\src\game.cpp(101): warning C4244: 'argument' : conversion from 'int' to 'const float', possible loss of data
     1>c:\users\jonathon\desktop\uni p14141535\year two\imat2605 - object oriented design and decelopment with c++\2d car game\2d car game\src\game.cpp(106): warning C4018: '<' : signed/unsigned mismatch
     1>c:\users\jonathon\desktop\uni p14141535\year two\imat2605 - object oriented design and decelopment with c++\2d car game\2d car game\src\game.cpp(128): warning C4018: '<' : signed/unsigned mismatch
     1>c:\users\jonathon\desktop\uni p14141535\year two\imat2605 - object oriented design and decelopment with c++\2d car game\2d car game\src\game.cpp(134): warning C4244: 'argument' : conversion from 'const unsigned int' to 'float', possible loss of data
     1>c:\users\jonathon\desktop\uni p14141535\year two\imat2605 - object oriented design and decelopment with c++\2d car game\2d car game\src\game.cpp(135): warning C4244: 'argument' : conversion from 'const unsigned int' to 'float', possible loss of data
     1>c:\users\jonathon\desktop\uni p14141535\year two\imat2605 - object oriented design and decelopment with c++\2d car game\2d car game\src\game.cpp(140): warning C4244: 'argument' : conversion from 'const unsigned int' to 'float', possible loss of data
     1>c:\users\jonathon\desktop\uni p14141535\year two\imat2605 - object oriented design and decelopment with c++\2d car game\2d car game\src\game.cpp(141): warning C4244: 'argument' : conversion from 'const unsigned int' to 'float', possible loss of data
     1>c:\users\jonathon\desktop\uni p14141535\year two\imat2605 - object oriented design and decelopment with c++\2d car game\2d car game\src\game.cpp(146): warning C4244: 'argument' : conversion from 'const unsigned int' to 'float', possible loss of data
     1>c:\users\jonathon\desktop\uni p14141535\year two\imat2605 - object oriented design and decelopment with c++\2d car game\2d car game\src\game.cpp(147): warning C4244: 'argument' : conversion from 'const unsigned int' to 'float', possible loss of data
     1>c:\users\jonathon\desktop\uni p14141535\year two\imat2605 - object oriented design and decelopment with c++\2d car game\2d car game\src\game.cpp(151): warning C4244: 'argument' : conversion from 'const unsigned int' to 'float', possible loss of data
     1>c:\users\jonathon\desktop\uni p14141535\year two\imat2605 - object oriented design and decelopment with c++\2d car game\2d car game\src\game.cpp(160): warning C4244: 'argument' : conversion from 'const unsigned int' to 'float', possible loss of data
     1>c:\users\jonathon\desktop\uni p14141535\year two\imat2605 - object oriented design and decelopment with c++\2d car game\2d car game\src\game.cpp(163): warning C4244: 'argument' : conversion from 'const unsigned int' to 'float', possible loss of data
     1>c:\users\jonathon\desktop\uni p14141535\year two\imat2605 - object oriented design and decelopment with c++\2d car game\2d car game\src\game.cpp(164): warning C4244: 'argument' : conversion from 'const unsigned int' to 'float', possible loss of data
     1>c:\users\jonathon\desktop\uni p14141535\year two\imat2605 - object oriented design and decelopment with c++\2d car game\2d car game\src\game.cpp(169): warning C4244: 'argument' : conversion from 'const unsigned int' to 'float', possible loss of data
     1>c:\users\jonathon\desktop\uni p14141535\year two\imat2605 - object oriented design and decelopment with c++\2d car game\2d car game\src\game.cpp(174): warning C4244: 'argument' : conversion from 'const unsigned int' to 'float', possible loss of data
     1>c:\users\jonathon\desktop\uni p14141535\year two\imat2605 - object oriented design and decelopment with c++\2d car game\2d car game\src\game.cpp(182): warning C4244: 'argument' : conversion from 'const unsigned int' to 'float', possible loss of data
     1>c:\users\jonathon\desktop\uni p14141535\year two\imat2605 - object oriented design and decelopment with c++\2d car game\2d car game\src\game.cpp(400): warning C4018: '<' : signed/unsigned mismatch
     1>c:\users\jonathon\desktop\uni p14141535\year two\imat2605 - object oriented design and decelopment with c++\2d car game\2d car game\src\game.cpp(402): warning C4305: 'argument' : truncation from 'double' to 'const float'
     1>c:\users\jonathon\desktop\uni p14141535\year two\imat2605 - object oriented design and decelopment with c++\2d car game\2d car game\src\game.cpp(406): warning C4018: '<' : signed/unsigned mismatch
     1>c:\users\jonathon\desktop\uni p14141535\year two\imat2605 - object oriented design and decelopment with c++\2d car game\2d car game\src\game.cpp(409): warning C4018: '<' : signed/unsigned mismatch
     1>c:\users\jonathon\desktop\uni p14141535\year two\imat2605 - object oriented design and decelopment with c++\2d car game\2d car game\src\game.cpp(416): warning C4390: ';' : empty controlled statement found; is this the intent?
     1>c:\users\jonathon\desktop\uni p14141535\year two\imat2605 - object oriented design and decelopment with c++\2d car game\2d car game\src\game.cpp(425): warning C4018: '<' : signed/unsigned mismatch
     1>c:\users\jonathon\desktop\uni p14141535\year two\imat2605 - object oriented design and decelopment with c++\2d car game\2d car game\src\game.cpp(428): warning C4018: '<' : signed/unsigned mismatch
     1>c:\users\jonathon\desktop\uni p14141535\year two\imat2605 - object oriented design and decelopment with c++\2d car game\2d car game\src\game.cpp(443): warning C4018: '<' : signed/unsigned mismatch
     1>c:\users\jonathon\desktop\uni p14141535\year two\imat2605 - object oriented design and decelopment with c++\2d car game\2d car game\src\game.cpp(454): warning C4018: '<' : signed/unsigned mismatch
     1>c:\users\jonathon\desktop\uni p14141535\year two\imat2605 - object oriented design and decelopment with c++\2d car game\2d car game\src\game.cpp(464): warning C4018: '<' : signed/unsigned mismatch
     1>c:\users\jonathon\desktop\uni p14141535\year two\imat2605 - object oriented design and decelopment with c++\2d car game\2d car game\src\game.cpp(483): warning C4018: '<' : signed/unsigned mismatch
     1>c:\users\jonathon\desktop\uni p14141535\year two\imat2605 - object oriented design and decelopment with c++\2d car game\2d car game\src\game.cpp(535): warning C4244: 'argument' : conversion from 'double' to 'const float', possible loss of data
     1>c:\users\jonathon\desktop\uni p14141535\year two\imat2605 - object oriented design and decelopment with c++\2d car game\2d car game\src\game.cpp(542): warning C4305: 'argument' : truncation from 'double' to 'const float'
     1>c:\users\jonathon\desktop\uni p14141535\year two\imat2605 - object oriented design and decelopment with c++\2d car game\2d car game\src\game.cpp(638): warning C4018: '<' : signed/unsigned mismatch
     1>c:\users\jonathon\desktop\uni p14141535\year two\imat2605 - object oriented design and decelopment with c++\2d car game\2d car game\src\game.cpp(646): warning C4018: '<' : signed/unsigned mismatch
     1>c:\users\jonathon\desktop\uni p14141535\year two\imat2605 - object oriented design and decelopment with c++\2d car game\2d car game\src\game.cpp(652): warning C4018: '<' : signed/unsigned mismatch
     1>c:\users\jonathon\desktop\uni p14141535\year two\imat2605 - object oriented design and decelopment with c++\2d car game\2d car game\src\game.cpp(672): warning C4305: 'argument' : truncation from 'double' to 'const float'
     1>c:\users\jonathon\desktop\uni p14141535\year two\imat2605 - object oriented design and decelopment with c++\2d car game\2d car game\src\game.cpp(681): warning C4018: '<' : signed/unsigned mismatch
         Generating Code...
       Link:
         C:\Program Files (x86)\Microsoft Visual Studio 12.0\VC\bin\link.exe /ERRORREPORT:PROMPT /OUT:"C:\Users\Jonathon\Desktop\Uni P14141535\Year Two\IMAT2605 - Object Oriented Design and Decelopment with C++\2D Car Game\Debug\2D Car Game.exe" /INCREMENTAL /NOLOGO "sfml-window-d.lib" "sfml-system-d.lib" "sfml-graphics-d.lib" "sfml-audio-d.lib" "sfml-main-d.lib" kernel32.lib user32.lib gdi32.lib winspool.lib comdlg32.lib advapi32.lib shell32.lib ole32.lib oleaut32.lib uuid.lib odbc32.lib odbccp32.lib /MANIFEST /MANIFESTUAC:"level='asInvoker' uiAccess='false'" /manifest:embed /DEBUG /PDB:"C:\Users\Jonathon\Desktop\Uni P14141535\Year Two\IMAT2605 - Object Oriented Design and Decelopment with C++\2D Car Game\Debug\2D Car Game.pdb" /TLBID:1 /DYNAMICBASE /NXCOMPAT /IMPLIB:"C:\Users\Jonathon\Desktop\Uni P14141535\Year Two\IMAT2605 - Object Oriented Design and Decelopment with C++\2D Car Game\Debug\2D Car Game.lib" /MACHINE:X86 Debug\Game.obj
         Debug\HUD.obj
         Debug\Main.obj
         Debug\Menu.obj
         Debug\MenuButton.obj
         Debug\PlayerCar.obj
         Debug\TextureLoader.obj
         Debug\Tyre.obj
         Debug\Vector.obj
         LINK : C:\Users\Jonathon\Desktop\Uni P14141535\Year Two\IMAT2605 - Object Oriented Design and Decelopment with C++\2D Car Game\Debug\2D Car Game.exe not found or not built by the last incremental link; performing full link
         2D Car Game.vcxproj -> C:\Users\Jonathon\Desktop\Uni P14141535\Year Two\IMAT2605 - Object Oriented Design and Decelopment with C++\2D Car Game\Debug\2D Car Game.exe
     1>Done Building Project "C:\Users\Jonathon\Desktop\Uni P14141535\Year Two\IMAT2605 - Object Oriented Design and Decelopment with C++\2D Car Game\2D Car Game\2D Car Game.vcxproj" (Build target(s)).

Build succeeded.

Time Elapsed 00:00:06.00
