c:\users\jonathon\desktop\uni p14141535\year two\imat2605 - object oriented design and decelopment with c++\2d car game\2d car game\debug\vc120.pdb
c:\users\jonathon\desktop\uni p14141535\year two\imat2605 - object oriented design and decelopment with c++\2d car game\2d car game\debug\vc120.idb
c:\users\jonathon\desktop\uni p14141535\year two\imat2605 - object oriented design and decelopment with c++\2d car game\2d car game\debug\game.obj
c:\users\jonathon\desktop\uni p14141535\year two\imat2605 - object oriented design and decelopment with c++\2d car game\2d car game\debug\hud.obj
c:\users\jonathon\desktop\uni p14141535\year two\imat2605 - object oriented design and decelopment with c++\2d car game\2d car game\debug\main.obj
c:\users\jonathon\desktop\uni p14141535\year two\imat2605 - object oriented design and decelopment with c++\2d car game\2d car game\debug\menu.obj
c:\users\jonathon\desktop\uni p14141535\year two\imat2605 - object oriented design and decelopment with c++\2d car game\2d car game\debug\menubutton.obj
c:\users\jonathon\desktop\uni p14141535\year two\imat2605 - object oriented design and decelopment with c++\2d car game\2d car game\debug\playercar.obj
c:\users\jonathon\desktop\uni p14141535\year two\imat2605 - object oriented design and decelopment with c++\2d car game\2d car game\debug\textureloader.obj
c:\users\jonathon\desktop\uni p14141535\year two\imat2605 - object oriented design and decelopment with c++\2d car game\2d car game\debug\tyre.obj
c:\users\jonathon\desktop\uni p14141535\year two\imat2605 - object oriented design and decelopment with c++\2d car game\2d car game\debug\vector.obj
c:\users\jonathon\desktop\uni p14141535\year two\imat2605 - object oriented design and decelopment with c++\2d car game\debug\2d car game.ilk
c:\users\jonathon\desktop\uni p14141535\year two\imat2605 - object oriented design and decelopment with c++\2d car game\debug\2d car game.exe
c:\users\jonathon\desktop\uni p14141535\year two\imat2605 - object oriented design and decelopment with c++\2d car game\debug\2d car game.pdb
c:\users\jonathon\desktop\uni p14141535\year two\imat2605 - object oriented design and decelopment with c++\2d car game\2d car game\debug\2d car game.tlog\cl.command.1.tlog
c:\users\jonathon\desktop\uni p14141535\year two\imat2605 - object oriented design and decelopment with c++\2d car game\2d car game\debug\2d car game.tlog\cl.read.1.tlog
c:\users\jonathon\desktop\uni p14141535\year two\imat2605 - object oriented design and decelopment with c++\2d car game\2d car game\debug\2d car game.tlog\cl.write.1.tlog
c:\users\jonathon\desktop\uni p14141535\year two\imat2605 - object oriented design and decelopment with c++\2d car game\2d car game\debug\2d car game.tlog\link.command.1.tlog
c:\users\jonathon\desktop\uni p14141535\year two\imat2605 - object oriented design and decelopment with c++\2d car game\2d car game\debug\2d car game.tlog\link.read.1.tlog
c:\users\jonathon\desktop\uni p14141535\year two\imat2605 - object oriented design and decelopment with c++\2d car game\2d car game\debug\2d car game.tlog\link.write.1.tlog
