Build started 30/07/2016 21:16:24.
     1>Project "C:\Users\Jonathon\Desktop\Uni P14141535\Year Two\IMAT2605 - Object Oriented Design and Decelopment with C++\2D Car Game\2D Car Game\2D Car Game.vcxproj" on node 2 (Build target(s)).
     1>ClCompile:
         C:\Program Files (x86)\Microsoft Visual Studio 13.0\VC\bin\CL.exe /c /Zi /nologo /W3 /WX- /sdl /O2 /Oi /Oy- /GL /D _MBCS /Gm- /EHsc /MD /GS /Gy /fp:precise /Zc:wchar_t /Zc:forScope /Fo"Release\\" /Fd"Release\vc120.pdb" /Gd /TP /analyze- /errorReport:prompt src\Game.cpp
         Game.cpp
     1>src\Game.cpp(41): warning C4244: 'argument' : conversion from 'int' to 'float', possible loss of data
     1>src\Game.cpp(56): warning C4244: 'argument' : conversion from 'int' to 'float', possible loss of data
     1>src\Game.cpp(71): warning C4244: 'argument' : conversion from 'int' to 'float', possible loss of data
     1>src\Game.cpp(91): warning C4244: 'argument' : conversion from 'float' to 'int', possible loss of data
     1>src\Game.cpp(101): warning C4244: 'argument' : conversion from 'int' to 'const float', possible loss of data
     1>src\Game.cpp(106): warning C4018: '<' : signed/unsigned mismatch
     1>src\Game.cpp(128): warning C4018: '<' : signed/unsigned mismatch
     1>src\Game.cpp(134): warning C4244: 'argument' : conversion from 'const unsigned int' to 'float', possible loss of data
     1>src\Game.cpp(135): warning C4244: 'argument' : conversion from 'const unsigned int' to 'float', possible loss of data
     1>src\Game.cpp(140): warning C4244: 'argument' : conversion from 'const unsigned int' to 'float', possible loss of data
     1>src\Game.cpp(141): warning C4244: 'argument' : conversion from 'const unsigned int' to 'float', possible loss of data
     1>src\Game.cpp(146): warning C4244: 'argument' : conversion from 'const unsigned int' to 'float', possible loss of data
     1>src\Game.cpp(147): warning C4244: 'argument' : conversion from 'const unsigned int' to 'float', possible loss of data
     1>src\Game.cpp(151): warning C4244: 'argument' : conversion from 'const unsigned int' to 'float', possible loss of data
     1>src\Game.cpp(160): warning C4244: 'argument' : conversion from 'const unsigned int' to 'float', possible loss of data
     1>src\Game.cpp(163): warning C4244: 'argument' : conversion from 'const unsigned int' to 'float', possible loss of data
     1>src\Game.cpp(164): warning C4244: 'argument' : conversion from 'const unsigned int' to 'float', possible loss of data
     1>src\Game.cpp(169): warning C4244: 'argument' : conversion from 'const unsigned int' to 'float', possible loss of data
     1>src\Game.cpp(174): warning C4244: 'argument' : conversion from 'const unsigned int' to 'float', possible loss of data
     1>src\Game.cpp(182): warning C4244: 'argument' : conversion from 'const unsigned int' to 'float', possible loss of data
     1>src\Game.cpp(400): warning C4018: '<' : signed/unsigned mismatch
     1>src\Game.cpp(402): warning C4305: 'argument' : truncation from 'double' to 'const float'
     1>src\Game.cpp(406): warning C4018: '<' : signed/unsigned mismatch
     1>src\Game.cpp(409): warning C4018: '<' : signed/unsigned mismatch
     1>src\Game.cpp(416): warning C4390: ';' : empty controlled statement found; is this the intent?
     1>src\Game.cpp(425): warning C4018: '<' : signed/unsigned mismatch
     1>src\Game.cpp(428): warning C4018: '<' : signed/unsigned mismatch
     1>src\Game.cpp(443): warning C4018: '<' : signed/unsigned mismatch
     1>src\Game.cpp(454): warning C4018: '<' : signed/unsigned mismatch
     1>src\Game.cpp(464): warning C4018: '<' : signed/unsigned mismatch
     1>src\Game.cpp(483): warning C4018: '<' : signed/unsigned mismatch
     1>src\Game.cpp(535): warning C4244: 'argument' : conversion from 'double' to 'const float', possible loss of data
     1>src\Game.cpp(542): warning C4305: 'argument' : truncation from 'double' to 'const float'
     1>src\Game.cpp(638): warning C4018: '<' : signed/unsigned mismatch
     1>src\Game.cpp(646): warning C4018: '<' : signed/unsigned mismatch
     1>src\Game.cpp(652): warning C4018: '<' : signed/unsigned mismatch
     1>src\Game.cpp(672): warning C4305: 'argument' : truncation from 'double' to 'const float'
     1>src\Game.cpp(681): warning C4018: '<' : signed/unsigned mismatch
       Link:
         C:\Program Files (x86)\Microsoft Visual Studio 13.0\VC\bin\link.exe /ERRORREPORT:PROMPT /OUT:"C:\Users\Jonathon\Desktop\Uni P14141535\Year Two\IMAT2605 - Object Oriented Design and Decelopment with C++\2D Car Game\Release\2D Car Game.exe" /NOLOGO "sfml-window.lib" "sfml-system.lib" "sfml-graphics.lib" "sfml-audio.lib" "sfml-main.lib" kernel32.lib user32.lib gdi32.lib winspool.lib comdlg32.lib advapi32.lib shell32.lib ole32.lib oleaut32.lib uuid.lib odbc32.lib odbccp32.lib /MANIFEST /MANIFESTUAC:"level='asInvoker' uiAccess='false'" /manifest:embed /DEBUG /PDB:"C:\Users\Jonathon\Desktop\Uni P14141535\Year Two\IMAT2605 - Object Oriented Design and Decelopment with C++\2D Car Game\Release\2D Car Game.pdb" /OPT:REF /OPT:ICF /LTCG /TLBID:1 /DYNAMICBASE /NXCOMPAT /IMPLIB:"C:\Users\Jonathon\Desktop\Uni P14141535\Year Two\IMAT2605 - Object Oriented Design and Decelopment with C++\2D Car Game\Release\2D Car Game.lib" /MACHINE:X86 /SAFESEH Release\Game.obj
         Release\HUD.obj
         Release\Main.obj
         Release\Menu.obj
         Release\MenuButton.obj
         Release\PlayerCar.obj
         Release\TextureLoader.obj
         Release\Tyre.obj
         Release\Vector.obj
         Generating code
         Finished generating code
         2D Car Game.vcxproj -> C:\Users\Jonathon\Desktop\Uni P14141535\Year Two\IMAT2605 - Object Oriented Design and Decelopment with C++\2D Car Game\Release\2D Car Game.exe
     1>Done Building Project "C:\Users\Jonathon\Desktop\Uni P14141535\Year Two\IMAT2605 - Object Oriented Design and Decelopment with C++\2D Car Game\2D Car Game\2D Car Game.vcxproj" (Build target(s)).

Build succeeded.

Time Elapsed 00:00:02.25
